-------------------------------------------------------------------------------
Test set: com.cst438.controller.TestResultController
-------------------------------------------------------------------------------
Tests run: 1, Failures: 0, Errors: 1, Skipped: 0, Time elapsed: 0.155 s <<< FAILURE! - in com.cst438.controller.TestResultController
correctAnswer  Time elapsed: 0 s  <<< ERROR!
java.lang.IllegalStateException: Failed to load ApplicationContext
Caused by: org.springframework.beans.factory.BeanCreationException: 
Error creating bean with name 'dataSourceScriptDatabaseInitializer' defined in class path resource [org/springframework/boot/autoconfigure/sql/init/DataSourceInitializationConfiguration.class]: Invocation of init method failed; nested exception is org.springframework.jdbc.datasource.init.ScriptStatementFailedException: Failed to execute SQL script statement #1 of URL [file:/Users/eleazarrico/eclipse-workspace/Lab3/target/classes/schema.sql]: create table user_table ( id identity primary key, alias varchar(25), email varchar(25), first_name varchar(25), last_name varchar(25), level varchar(25) ); nested exception is org.h2.jdbc.JdbcSQLSyntaxErrorException: Table "USER_TABLE" already exists; SQL statement:
create table user_table ( id identity primary key, alias varchar(25), email varchar(25), first_name varchar(25), last_name varchar(25), level varchar(25) ) [42101-214]
Caused by: org.springframework.jdbc.datasource.init.ScriptStatementFailedException: 
Failed to execute SQL script statement #1 of URL [file:/Users/eleazarrico/eclipse-workspace/Lab3/target/classes/schema.sql]: create table user_table ( id identity primary key, alias varchar(25), email varchar(25), first_name varchar(25), last_name varchar(25), level varchar(25) ); nested exception is org.h2.jdbc.JdbcSQLSyntaxErrorException: Table "USER_TABLE" already exists; SQL statement:
create table user_table ( id identity primary key, alias varchar(25), email varchar(25), first_name varchar(25), last_name varchar(25), level varchar(25) ) [42101-214]
Caused by: org.h2.jdbc.JdbcSQLSyntaxErrorException: 
Table "USER_TABLE" already exists; SQL statement:
create table user_table ( id identity primary key, alias varchar(25), email varchar(25), first_name varchar(25), last_name varchar(25), level varchar(25) ) [42101-214]

